
[0;36m  ℹ  Script dir : /home/paifern/DNS-_raffic-_Anomaly_Detection/scripts[0m
[0;36m  ℹ  Data dir   : /home/paifern/DNS-_raffic-_Anomaly_Detection/data[0m
[0;36m  ℹ  Model mem  : /home/paifern/DNS-_raffic-_Anomaly_Detection/model_memory[0m
[0;36m  ℹ  Log file   : /home/paifern/DNS-_raffic-_Anomaly_Detection/logs/pipeline_20260318_031952.log[0m
[0;36m  ℹ  Path A models loaded from memory[0m
[0;36m  ℹ  Path B model loaded from memory[0m
[0;36m  ℹ  Parsing new DNS logs from: /home/paifern/DNS-_raffic-_Anomaly_Detection/technitium-dns/data/dns_logs[0m
================================================================================
DNS FEATURE EXTRACTION FROM TECHNITIUM LOGS - WEEK 3
Enhanced for Attack Tool Detection
================================================================================

📁 Log directory: /home/paifern/DNS-_raffic-_Anomaly_Detection/technitium-dns/data/dns_logs
📁 Output directory: /home/paifern/DNS-_raffic-_Anomaly_Detection/data

Found 1 log files to process
Processing log file: /home/paifern/DNS-_raffic-_Anomaly_Detection/technitium-dns/data/dns_logs/2026-03-18.log
  Completed: 8188 lines processed, 8152 DNS queries extracted

================================================================================
DNS FEATURE EXTRACTION SUMMARY - WEEK 3 (ATTACK DETECTION FOCUS)
================================================================================
Total queries processed: 8152

🔴 ATTACK DETECTION SUMMARY:
   Suspicious queries: 2264 (27.8%)

   Attack Type Breakdown:
     • ENCODING: 1988
     • NXDOMAIN_FLOOD: 351
     • HIGH_ENTROPY: 38
     • RANDOM_SUBDOMAIN: 2

📅 Date range: 2026-03-18 to 2026-03-18
   Unique domains: 8148
   Unique client IPs: 1

🎯 ATTACK TOOL PATTERNS DETECTED:
   NXDOMAIN flood patterns: 351
   Random subdomain patterns: 2
   Amplification attempts: 0
   Cache poisoning attempts: 0
   High entropy domains: 38
   Encoding patterns: 3201

📊 FEATURE STATISTICS (for baseline establishment):
------------------------------------------------------------

entropy:
  Mean: 3.4205
  Std: 0.3263
  Min: 2.4116
  Max: 4.2221

subdomain_depth:
  Mean: 2.4993
  Std: 0.5010
  Min: 1.0000
  Max: 3.0000

query_length:
  Mean: 23.0550
  Std: 8.1227
  Min: 9.0000
  Max: 80.0000

numeric_ratio:
  Mean: 0.0194
  Std: 0.0435
  Min: 0.0000
  Max: 0.4500

first_label_entropy:
  Mean: 2.5043
  Std: 0.6946
  Min: 0.0000
  Max: 3.9620

first_label_length:
  Mean: 8.3706
  Std: 4.8946
  Min: 1.0000
  Max: 44.0000

⚠  TOP 10 MOST SUSPICIOUS DOMAINS:
  1. 4fdaayvm7rrh2cz8-cdn.lab.local
     Attacks: NXDOMAIN_FLOOD,HIGH_ENTROPY,ENCODING | Entropy: 4.12 | Length: 30
  2. hul-performance-highlights.linode.lab.local
     Attacks: NXDOMAIN_FLOOD,HIGH_ENTROPY,ENCODING | Entropy: 4.09 | Length: 43
  3. financial-services-onboarding-apigw.financial-services-payments-apigw.lab.local
     Attacks: NXDOMAIN_FLOOD,HIGH_ENTROPY,ENCODING | Entropy: 4.09 | Length: 79
  4. capositivecovidtestreporting-staging.cp01.lab.local
     Attacks: NXDOMAIN_FLOOD,HIGH_ENTROPY,ENCODING | Entropy: 4.07 | Length: 51
  5. searchrecommendations-service-staging.secure-canalplay-chromecast.lab.local
     Attacks: NXDOMAIN_FLOOD,HIGH_ENTROPY,ENCODING | Entropy: 4.07 | Length: 75
  6. streaming5-shared-ln.streaming5-shared-ny.lab.local
     Attacks: NXDOMAIN_FLOOD,HIGH_ENTROPY,ENCODING | Entropy: 4.06 | Length: 51
  7. streaming5-shared-eu.lab.local
     Attacks: NXDOMAIN_FLOOD,HIGH_ENTROPY,ENCODING | Entropy: 4.06 | Length: 30
  8. watchesofswitzerland-uat.wifi-uat.lab.local
     Attacks: NXDOMAIN_FLOOD,HIGH_ENTROPY,ENCODING | Entropy: 4.04 | Length: 43
  9. webreconditioning-service-qa-staging.lab.local
     Attacks: NXDOMAIN_FLOOD,HIGH_ENTROPY,ENCODING | Entropy: 4.02 | Length: 46
  10. tj-pod3-smp-device-asset.workplacebenefits.lab.local
     Attacks: NXDOMAIN_FLOOD,HIGH_ENTROPY | Entropy: 4.21 | Length: 52

✅ Features exported to JSON: /home/paifern/DNS-_raffic-_Anomaly_Detection/data/week3_features_all.json
   Total records: 8152

✅ Attack summary exported to: /home/paifern/DNS-_raffic-_Anomaly_Detection/data/week3_attack_summary.json

✅ Features exported to JSON: /home/paifern/DNS-_raffic-_Anomaly_Detection/data/week3_suspicious_domains.json
   Total records: 2264

⚠  Found 2264 suspicious domains for Week 4 testing

✅ Project summary saved to: /home/paifern/DNS-_raffic-_Anomaly_Detection/data/week3_project_summary.json

📂 Files in output directory:
  • week3_attack_summary.json (698 bytes)
  • week3_features_all.json (8,436,452 bytes)
  • week3_project_summary.json (312 bytes)
  • week3_suspicious_domains.json (2,377,729 bytes)
WARNING: All log messages before absl::InitializeLog() is called are written to STDERR
I0000 00:00:1773818401.357635   25536 cudart_stub.cc:31] Could not find cuda drivers on your machine, GPU will not be used.
I0000 00:00:1773818401.419076   25536 cpu_feature_guard.cc:227] This TensorFlow binary is optimized to use available CPU instructions in performance-critical operations.
To enable the following instructions: AVX2 FMA, in other operations, rebuild TensorFlow with the appropriate compiler flags.
WARNING: All log messages before absl::InitializeLog() is called are written to STDERR
I0000 00:00:1773818402.574229   25536 cudart_stub.cc:31] Could not find cuda drivers on your machine, GPU will not be used.
E0000 00:00:1773818403.550940   25536 cuda_platform.cc:52] failed call to cuInit: INTERNAL: CUDA error: Failed call to cuInit: UNKNOWN ERROR (303)

======================================================================
ML BRIDGE — Connecting Week 3 → ML Models → Week 4
======================================================================
Input  : /home/paifern/DNS-_raffic-_Anomaly_Detection/data/week3_features_all.json
Output : /home/paifern/DNS-_raffic-_Anomaly_Detection/data/week3_features_with_ml.json

[*] Loaded 8152 Week 3 records

── Path A: RF + Transformer (8-feature ensemble) ─────────────
   Using ensemble threshold: 0.3578
[*] Reading Week 3 features JSON: /home/paifern/DNS-_raffic-_Anomaly_Detection/data/week3_features_all.json
[*] Loaded 8152 Week 3 feature records.
   Path A results: 2276 attack  |  5876 benign

── Path B: Trafficformer (sequence reconstruction) ───────────

⚠ Path B skipped: Model not found: model/dns_trafficformer.keras

── Merging ML scores ──────────────────────────────────────────

── Bridge Summary ─────────────────────────────────────────────
   Total records      : 8152
   ML attacks flagged : 2276 (27.9%)
   HIGH confidence    : 0
   MEDIUM confidence  : 12
   LOW confidence     : 2020
   CLEAN              : 6120

   New columns added to Week 3 features:
     + ml_score_A
     + ml_label_A
     + ml_verdict_A
     + ml_score_B
     + ml_label_B
     + ml_combined_score
     + ml_combined_label
     + ml_combined_verdict
     + ml_confidence
     + ml_threat_score

✅ Bridge output saved → /home/paifern/DNS-_raffic-_Anomaly_Detection/data/week3_features_with_ml.json
   Next step: python Week4_detection_engine.py --input /home/paifern/DNS-_raffic-_Anomaly_Detection/data/week3_features_with_ml.json
[0;36m  ℹ  Running 6 detection rules (4 Sentinel + Z-score + 2 ML rules)[0m
Traceback (most recent call last):
  File "/home/paifern/DNS-_raffic-_Anomaly_Detection/scripts/Week4_detection_engine.py", line 40, in <module>
    import pytz
ModuleNotFoundError: No module named 'pytz'
